Listening on port 4000!
Port Opened With Pumps
Pumps Process Started
Port Opened With Ec Sensor
Port Opened With ph Sensor
NaN
3.789
3.789
3.788
{"rc":1048550.00,"ec":0.00,"ppm":0,"temperature":-127.00,"cm":0,"in":0}
3.788
3.788
3.788
3.788
3.787
3.787
{"rc":1048550.00,"ec":0.00,"ppm":0,"temperature":-127.00,"cm":0,"in":0}
3.788
3.788
3.788
3.787
3.787
3.787
{"rc":1048550.00,"ec":0.00,"ppm":0,"temperature":-127.00,"cm":0,"in":0}
3.788
3.788
3.788
3.787
3.787
3.787
{"rc":1048550.00,"ec":0.00,"ppm":0,"temperature":-127.00,"cm":0,"in":0}
3.788
3.788
3.787
3.787
3.787
3.788
{"rc":1048550.00,"ec":0.00,"ppm":0,"temperature":-127.00,"cm":0,"in":0}
3.788
3.788
3.788
3.788
3.789
3.788
{"rc":1048550.00,"ec":0.00,"ppm":0,"temperature":-127.00,"cm":0,"in":0}
3.788
34
12
10
3.787
3.787
OK
3.787
3.787
OK
3.788
{"rc":1048550.00,"ec":0.00,"ppm":0,"temperature":-127.00,"cm":0,"in":0}
3.788
3.789
3.788
3.788
3.788
34
12
10
3.789
{"rc":1048550.00,"ec":0.00,"ppm":0,"temperature":-127.00,"cm":0,"in":0}
3.789
OK
3.789
3.788
3.788
3.788
3.787
{"rc":1048550.00,"ec":0.00,"ppm":0,"temperature":-127.00,"cm":0,"in":0}
3.787
3.786
3.786
3.787
3.788
3.788
{"rc":1048550.00,"ec":0.00,"ppm":0,"temperature":-127.00,"cm":0,"in":0}
3.788
3.787
3.788
3.788
3.788
{"rc":1048550.00,"ec":0.00,"ppm":0,"temperature":-127.00,"cm":0,"in":0}
3.788
34
12
10
3.788
3.788
OK
3.788
3.788
OK
3.787
{"rc":1048550.00,"ec":0.00,"ppm":0,"temperature":-127.00,"cm":0,"in":0}
3.788
OK
3.788
3.788
3.788
3.789
Port Closed With ph Sensor
{"rc":1048550.00,"ec":0.00,"ppm":0,"temperature":-127.00,"cm":0,"in":0}
{"rc":1048550.00,"ec":0.00,"ppm":0,"temperature":-127.00,"cm":0,"in":0}
12
30
0
OK
{"rc":1048550.00,"ec":0.00,"ppm":0,"temperature":-127.00,"cm":0,"in":0}
OK
OK
{"rc":1048550.00,"ec":0.00,"ppm":0,"temperature":-127.00,"cm":0,"in":0}
{"rc":1048550.00,"ec":0.00,"ppm":0,"temperature":-127.00,"cm":0,"in":0}
0
0
12
OK
{"rc":1048550.00,"ec":0.00,"ppm":0,"temperature":-127.00,"cm":0,"in":0}
0
0
12
OK
{"rc":1048550.00,"ec":0.00,"ppm":0,"temperature":-127.00,"cm":0,"in":0}
OK
0
0
12
OK
OK
{"rc":1048550.00,"ec":0.00,"ppm":0,"temperature":-127.00,"cm":0,"in":0}
0
12
0
{"rc":1048550.00,"ec":0.00,"ppm":0,"temperature":-127.00,"cm":0,"in":0}
OK
OK
12
0
0
{"rc":1048550.00,"ec":0.00,"ppm":0,"temperature":-127.00,"cm":0,"in":0}
OK
{"rc":1048550.00,"ec":0.00,"ppm":0,"temperature":-127.00,"cm":0,"in":0}
{"rc":1048550.00,"ec":0.00,"ppm":0,"temperature":-127.00,"cm":0,"in":0}
{"rc":1048550.00,"ec":0.00,"ppm":0,"temperature":-127.00,"cm":0,"in":0}
{"rc":1048550.00,"ec":0.00,"ppm":0,"temperature":-127.00,"cm":0,"in":0}
{"rc":1048550.00,"ec":0.00,"ppm":0,"temperature":-127.00,"cm":0,"in":0}
Listening on port 4000!
Port Opened With Pumps
Pumps Process Started
Port Opened With Ec Sensor
Port Opened With ph Sensor
NaN
3.788
3.788
{"rc":1048550.00,"ec":0.00,"ppm":0,"temperature":-127.00,"cm":0,"in":0}
3.788
3.788
3.789
3.788
3.788
3.787
{"rc":523750.00,"ec":0.00,"ppm":0,"temperature":-127.00,"cm":0,"in":0}
3.788
3.788
3.788
3.788
3.788
3.788
{"rc":1048550.00,"ec":0.00,"ppm":0,"temperature":-127.00,"cm":0,"in":0}
3.788
3.788
3.788
3.788
3.789
{"rc":1048550.00,"ec":0.00,"ppm":0,"temperature":-127.00,"cm":0,"in":0}
3.79
3.789
3.789
3.788
3.789
3.789
{"rc":1048550.00,"ec":0.00,"ppm":0,"temperature":-127.00,"cm":0,"in":0}
3.79
3.789
3.79
3.789
3.788
3.788
{"rc":1048550.00,"ec":0.00,"ppm":0,"temperature":-127.00,"cm":0,"in":0}
3.788
3.788
3.788
12
12
12
3.789
3.789
OK
3.789
{"rc":1048550.00,"ec":0.00,"ppm":0,"temperature":-127.00,"cm":0,"in":0}
3.787
OK
3.786
3.786
3.788
OK
3.788
3.789
OK
{"rc":1048550.00,"ec":0.00,"ppm":0,"temperature":-127.00,"cm":0,"in":0}
3.789
3.788
3.788
3.787
3.788
3.788
Listening on port 4000!
Port Opened With Pumps
Pumps Process Started
Port Opened With Ec Sensor
Port Opened With ph Sensor
NaN
3.788
3.788
{"rc":1048550.00,"ec":0.00,"ppm":0,"temperature":-127.00,"cm":0,"in":0}
3.787
3.787
Listening on port 4000!
Port Opened With Pumps
Pumps Process Started
Port Opened With Ec Sensor
Port Opened With ph Sensor
3.788
3.788
3.788
{"rc":1048550.00,"ec":0.00,"ppm":0,"temperature":-127.00,"cm":0,"in":0}
3.787
3.787
3.787
3.787
3.788
3.788
{"rc":1048550.00,"ec":0.00,"ppm":0,"temperature":-127.00,"cm":0,"in":0}
3.787
3.787
3.787
Listening on port 4000!
Port Opened With Pumps
Pumps Process Started
Port Opened With Ec Sensor
Port Opened With ph Sensor
3.789
3.788
{"rc":1048550.00,"ec":0.00,"ppm":0,"temperature":-127.00,"cm":0,"in":0}
3.789
3.789
3.789
3.789
3.789
3.788
{"rc":1048550.00,"ec":0.00,"ppm":0,"temperature":-127.00,"cm":0,"in":0}
3.789
3.79
3.79
3.79
3.789
3.789
12
12
12
{"rc":1048550.00,"ec":0.00,"ppm":0,"temperature":-127.00,"cm":0,"in":0}
3.788
3.788
OK
3.788
3.788
OK
3.788
3.788
{"rc":1048550.00,"ec":0.00,"ppm":0,"temperature":-127.00,"cm":0,"in":0}
OK
3.787
3.787
3.786
OK
3.787
3.786
3.787
{"rc":1048550.00,"ec":0.00,"ppm":0,"temperature":-127.00,"cm":0,"in":0}
3.787
0
12
12
3.787
3.787
OK
3.787
3.788
OK
3.788
{"rc":1048550.00,"ec":0.00,"ppm":0,"temperature":-127.00,"cm":0,"in":0}
3.788
0
12
12
3.788
3.789
OK
3.789
3.789
OK
3.789
{"rc":1048550.00,"ec":0.00,"ppm":0,"temperature":-127.00,"cm":0,"in":0}
3.788
OK
3.787
3.788
0
12
12
3.789
3.789
3.788
OK
{"rc":1048550.00,"ec":0.00,"ppm":0,"temperature":-127.00,"cm":0,"in":0}
3.788
3.788
OK
3.788
3.788
OK
3.788
3.788
0
0
12
{"rc":1048550.00,"ec":0.00,"ppm":0,"temperature":-127.00,"cm":0,"in":0}
3.788
3.787
OK
3.786
3.787
0
0
12
3.787
3.789
{"rc":1048550.00,"ec":0.00,"ppm":0,"temperature":-127.00,"cm":0,"in":0}
OK
3.788
3.789
OK
3.788
3.788
3.788
3.788
{"rc":1048550.00,"ec":0.00,"ppm":0,"temperature":-127.00,"cm":0,"in":0}
3.788
3.788
3.788
3.787
3.788
3.788
{"rc":1048550.00,"ec":0.00,"ppm":0,"temperature":-127.00,"cm":0,"in":0}
3.788
3.787
3.787
3.787
3.787
3.787
{"rc":1048550.00,"ec":0.00,"ppm":0,"temperature":-127.00,"cm":0,"in":0}
3.785
3.784
3.785
3.786
3.787
3.787
{"rc":1048550.00,"ec":0.00,"ppm":0,"temperature":-127.00,"cm":0,"in":0}
3.788
3.789
3.788
3.788
3.788
3.788
{"rc":1048550.00,"ec":0.00,"ppm":0,"temperature":-127.00,"cm":0,"in":0}
3.788
3.788
3.787
3.787
3.788
3.788
{"rc":1048550.00,"ec":0.00,"ppm":0,"temperature":-127.00,"cm":0,"in":0}
3.788
3.787
3.787
3.788
3.788
